2023-02-13 16:57:37,145 INFO u.CrudOp [main] 
1 - INSERT
2 - UPDATE
3 - DELETE
4 - PRINT
0 - EXIT
2023-02-13 16:57:40,911 INFO u.CrudOp [main] 
1 - PROGRAMMERS
2 - PARTICIPATION_IN_DEVELOPMENT
3 - FINANCING
4 - CONTRACT
2023-02-13 16:57:42,186 INFO h.Programmers [main] Enter surname
2023-02-13 16:57:49,235 INFO h.Programmers [main] Enter name
2023-02-13 16:57:51,465 INFO h.Programmers [main] Enter patronymic
2023-02-13 16:57:56,419 INFO h.Programmers [main] Enter phone number
2023-02-13 16:57:59,017 INFO h.Programmers [main] Enter date of birth
2023-02-13 16:58:03,574 INFO D.ProgrammersDAO [main] Cannot create JDBC driver of class '' for connect URL 'null'
2023-02-13 16:58:03,574 INFO u.CrudOp [main] 
1 - INSERT
2 - UPDATE
3 - DELETE
4 - PRINT
0 - EXIT
2023-02-13 17:02:48,543 INFO u.CrudOp [main] 
1 - INSERT
2 - UPDATE
3 - DELETE
4 - PRINT
0 - EXIT
2023-02-13 17:03:24,013 INFO u.CrudOp [main] 
1 - PROGRAMMERS
2 - PARTICIPATION_IN_DEVELOPMENT
3 - FINANCING
4 - CONTRACT
2023-02-13 17:04:01,730 INFO h.Programmers [main] Enter surname
2023-02-13 17:04:09,759 INFO h.Programmers [main] Enter name
2023-02-13 17:04:15,051 INFO h.Programmers [main] Enter patronymic
2023-02-13 17:04:20,046 INFO h.Programmers [main] Enter phone number
2023-02-13 17:04:28,192 INFO h.Programmers [main] Enter date of birth
2023-02-13 17:06:03,047 INFO D.ProgrammersDAO [main] Cannot create JDBC driver of class '' for connect URL 'null'
2023-02-13 17:06:03,049 INFO u.CrudOp [main] 
1 - INSERT
2 - UPDATE
3 - DELETE
4 - PRINT
0 - EXIT
2023-02-13 17:06:06,699 INFO u.CrudOp [main] 
1 - INSERT
2 - UPDATE
3 - DELETE
4 - PRINT
0 - EXIT
2023-02-13 17:06:08,481 INFO u.CrudOp [main] 
1 - PROGRAMMERS
2 - PARTICIPATION_IN_DEVELOPMENT
3 - FINANCING
4 - CONTRACT
2023-02-13 17:06:09,562 INFO h.Programmers [main] Enter surname
2023-02-13 17:06:10,552 INFO h.Programmers [main] Enter name
2023-02-13 17:06:11,185 INFO h.Programmers [main] Enter patronymic
2023-02-13 17:06:12,085 INFO h.Programmers [main] Enter phone number
2023-02-13 17:06:13,207 INFO h.Programmers [main] Enter date of birth
2023-02-13 17:06:14,382 INFO D.ProgrammersDAO [main] Cannot create JDBC driver of class '' for connect URL 'null'
2023-02-13 17:06:14,382 INFO u.CrudOp [main] 
1 - INSERT
2 - UPDATE
3 - DELETE
4 - PRINT
0 - EXIT
2023-02-13 17:13:01,341 INFO u.CrudOp [main] 
1 - INSERT
2 - UPDATE
3 - DELETE
4 - PRINT
0 - EXIT
2023-02-13 17:13:03,907 INFO u.CrudOp [main] 
1 - PROGRAMMERS
2 - PARTICIPATION_IN_DEVELOPMENT
3 - FINANCING
4 - CONTRACT
2023-02-13 17:13:05,071 INFO h.Programmers [main] Enter surname
2023-02-13 17:13:06,309 INFO h.Programmers [main] Enter name
2023-02-13 17:13:06,931 INFO h.Programmers [main] Enter patronymic
2023-02-13 17:13:07,904 INFO h.Programmers [main] Enter phone number
2023-02-13 17:13:09,021 INFO h.Programmers [main] Enter date of birth
2023-02-13 17:13:09,776 INFO D.ProgrammersDAO [main] Cannot create JDBC driver of class '' for connect URL 'null'
2023-02-13 17:13:09,777 INFO u.CrudOp [main] 
1 - INSERT
2 - UPDATE
3 - DELETE
4 - PRINT
0 - EXIT
2023-02-13 17:15:07,412 INFO u.CrudOp [main] 
1 - INSERT
2 - UPDATE
3 - DELETE
4 - PRINT
0 - EXIT
2023-02-13 17:15:08,634 INFO u.CrudOp [main] 
1 - PROGRAMMERS
2 - PARTICIPATION_IN_DEVELOPMENT
3 - FINANCING
4 - CONTRACT
2023-02-13 17:15:09,455 INFO h.Programmers [main] Enter surname
2023-02-13 17:15:10,974 INFO h.Programmers [main] Enter name
2023-02-13 17:15:11,522 INFO h.Programmers [main] Enter patronymic
2023-02-13 17:15:12,415 INFO h.Programmers [main] Enter phone number
2023-02-13 17:15:14,010 INFO h.Programmers [main] Enter date of birth
2023-02-13 17:15:14,687 INFO D.ProgrammersDAO [main] Cannot create JDBC driver of class '' for connect URL 'null'
2023-02-13 17:15:14,687 INFO u.CrudOp [main] 
1 - INSERT
2 - UPDATE
3 - DELETE
4 - PRINT
0 - EXIT
2023-02-13 17:15:42,000 INFO u.CrudOp [main] 
1 - INSERT
2 - UPDATE
3 - DELETE
4 - PRINT
0 - EXIT
2023-02-13 17:15:43,464 INFO u.CrudOp [main] 
1 - PROGRAMMERS
2 - PARTICIPATION_IN_DEVELOPMENT
3 - FINANCING
4 - CONTRACT
2023-02-13 17:15:44,144 INFO h.Programmers [main] Enter surname
2023-02-13 17:15:45,873 INFO h.Programmers [main] Enter name
2023-02-13 17:15:46,443 INFO h.Programmers [main] Enter patronymic
2023-02-13 17:15:47,180 INFO h.Programmers [main] Enter phone number
2023-02-13 17:15:47,851 INFO h.Programmers [main] Enter date of birth
2023-02-13 17:15:48,282 INFO D.ProgrammersDAO [main] Cannot create JDBC driver of class '' for connect URL 'null'
2023-02-13 17:15:48,282 INFO u.CrudOp [main] 
1 - INSERT
2 - UPDATE
3 - DELETE
4 - PRINT
0 - EXIT
2023-02-13 17:18:15,929 INFO u.CrudOp [main] 
1 - INSERT
2 - UPDATE
3 - DELETE
4 - PRINT
0 - EXIT
2023-02-13 17:18:17,767 INFO u.CrudOp [main] 
1 - PROGRAMMERS
2 - PARTICIPATION_IN_DEVELOPMENT
3 - FINANCING
4 - CONTRACT
2023-02-13 17:18:19,723 INFO h.Programmers [main] Enter surname
2023-02-13 17:18:21,531 INFO h.Programmers [main] Enter name
2023-02-13 17:18:21,859 INFO h.Programmers [main] Enter patronymic
2023-02-13 17:18:22,526 INFO h.Programmers [main] Enter phone number
2023-02-13 17:18:23,506 INFO h.Programmers [main] Enter date of birth
2023-02-13 17:18:24,501 INFO D.ProgrammersDAO [main] Cannot create JDBC driver of class '' for connect URL 'null'
2023-02-13 17:18:24,502 INFO u.CrudOp [main] 
1 - INSERT
2 - UPDATE
3 - DELETE
4 - PRINT
0 - EXIT
2023-02-13 17:23:26,663 INFO u.CrudOp [main] 
1 - INSERT
2 - UPDATE
3 - DELETE
4 - PRINT
0 - EXIT
2023-02-13 17:23:28,070 INFO u.CrudOp [main] 
1 - PROGRAMMERS
2 - PARTICIPATION_IN_DEVELOPMENT
3 - FINANCING
4 - CONTRACT
2023-02-13 17:23:28,893 INFO h.Programmers [main] Enter surname
2023-02-13 17:23:30,414 INFO h.Programmers [main] Enter name
2023-02-13 17:23:30,956 INFO h.Programmers [main] Enter patronymic
2023-02-13 17:23:31,742 INFO h.Programmers [main] Enter phone number
2023-02-13 17:23:32,643 INFO h.Programmers [main] Enter date of birth
2023-02-13 17:23:33,314 INFO D.ProgrammersDAO [main] Cannot create JDBC driver of class '' for connect URL 'null'
2023-02-13 17:23:33,315 INFO u.CrudOp [main] 
1 - INSERT
2 - UPDATE
3 - DELETE
4 - PRINT
0 - EXIT
2023-02-13 17:26:24,251 INFO u.CrudOp [main] 
1 - INSERT
2 - UPDATE
3 - DELETE
4 - PRINT
0 - EXIT
2023-02-13 17:26:25,703 INFO u.CrudOp [main] 
1 - PROGRAMMERS
2 - PARTICIPATION_IN_DEVELOPMENT
3 - FINANCING
4 - CONTRACT
2023-02-13 17:26:26,363 INFO h.Programmers [main] Enter surname
2023-02-13 17:26:27,994 INFO h.Programmers [main] Enter name
2023-02-13 17:26:28,681 INFO h.Programmers [main] Enter patronymic
2023-02-13 17:26:29,258 INFO h.Programmers [main] Enter phone number
2023-02-13 17:26:30,671 INFO h.Programmers [main] Enter date of birth
2023-02-13 17:26:31,282 INFO D.ProgrammersDAO [main] Cannot create JDBC driver of class '' for connect URL 'null'
2023-02-13 17:26:31,283 INFO u.CrudOp [main] 
1 - INSERT
2 - UPDATE
3 - DELETE
4 - PRINT
0 - EXIT
2023-02-13 17:45:53,229 INFO u.CrudOp [main] 
1 - INSERT
2 - UPDATE
3 - DELETE
4 - PRINT
0 - EXIT
2023-02-13 17:45:54,088 INFO u.CrudOp [main] 
1 - PROGRAMMERS
2 - PARTICIPATION_IN_DEVELOPMENT
3 - FINANCING
4 - CONTRACT
2023-02-13 17:45:55,819 INFO h.ParticipationInDevelopment [main] Enter calendar plan Id
2023-02-13 17:45:59,155 INFO h.ParticipationInDevelopment [main] Enter employee Id
2023-02-13 17:46:03,202 INFO h.ParticipationInDevelopment [main] Enter employee
2023-02-13 17:46:06,122 INFO h.ParticipationInDevelopment [main] Enter job description
2023-02-13 17:46:07,374 INFO h.ParticipationInDevelopment [main] Enter programming language
2023-02-13 17:46:09,429 INFO D.ParticipationInDevelopmentDAO [main] Cannot create JDBC driver of class '' for connect URL 'null'
2023-02-13 17:46:09,430 INFO u.CrudOp [main] 
1 - INSERT
2 - UPDATE
3 - DELETE
4 - PRINT
0 - EXIT
2023-02-13 17:46:17,694 INFO u.CrudOp [main] 
1 - INSERT
2 - UPDATE
3 - DELETE
4 - PRINT
0 - EXIT
2023-02-13 17:46:19,150 INFO u.CrudOp [main] 
1 - PROGRAMMERS
2 - PARTICIPATION_IN_DEVELOPMENT
3 - FINANCING
4 - CONTRACT
2023-02-13 17:46:20,224 INFO h.Programmers [main] Enter surname
2023-02-13 17:46:21,053 INFO h.Programmers [main] Enter name
2023-02-13 17:46:21,827 INFO h.Programmers [main] Enter patronymic
2023-02-13 17:46:22,753 INFO h.Programmers [main] Enter phone number
2023-02-13 17:46:24,262 INFO h.Programmers [main] Enter date of birth
2023-02-13 17:46:27,929 INFO D.ProgrammersDAO [main] Cannot create JDBC driver of class '' for connect URL 'null'
2023-02-13 17:46:27,930 INFO u.CrudOp [main] 
1 - INSERT
2 - UPDATE
3 - DELETE
4 - PRINT
0 - EXIT
2023-02-13 17:49:20,840 INFO u.CrudOp [main] 
1 - INSERT
2 - UPDATE
3 - DELETE
4 - PRINT
0 - EXIT
2023-02-13 17:49:22,800 INFO u.CrudOp [main] 
1 - PROGRAMMERS
2 - PARTICIPATION_IN_DEVELOPMENT
3 - FINANCING
4 - CONTRACT
2023-02-13 17:49:23,580 INFO h.Programmers [main] Enter surname
2023-02-13 17:49:25,082 INFO h.Programmers [main] Enter name
2023-02-13 17:49:26,108 INFO h.Programmers [main] Enter patronymic
2023-02-13 17:49:27,063 INFO h.Programmers [main] Enter phone number
2023-02-13 17:49:28,466 INFO h.Programmers [main] Enter date of birth
2023-02-13 17:49:30,136 INFO D.ProgrammersDAO [main] Cannot create JDBC driver of class '' for connect URL 'null'
2023-02-13 17:49:30,137 INFO u.CrudOp [main] 
1 - INSERT
2 - UPDATE
3 - DELETE
4 - PRINT
0 - EXIT
2023-02-13 17:49:55,782 INFO u.CrudOp [main] 
1 - INSERT
2 - UPDATE
3 - DELETE
4 - PRINT
0 - EXIT
2023-02-13 17:50:07,228 INFO u.CrudOp [main] 
1 - PROGRAMMERS
2 - PARTICIPATION_IN_DEVELOPMENT
3 - FINANCING
4 - CONTRACT
2023-02-13 17:50:12,277 INFO h.Programmers [main] Enter surname
2023-02-13 17:50:15,042 INFO h.Programmers [main] Enter name
2023-02-13 17:50:19,172 INFO h.Programmers [main] Enter patronymic
2023-02-13 17:50:22,938 INFO h.Programmers [main] Enter phone number
2023-02-13 17:50:24,109 INFO h.Programmers [main] Enter date of birth
2023-02-13 17:52:40,290 INFO D.ProgrammersDAO [main] Cannot create JDBC driver of class '' for connect URL 'null'
2023-02-13 17:52:51,859 INFO u.CrudOp [main] 
1 - INSERT
2 - UPDATE
3 - DELETE
4 - PRINT
0 - EXIT
